   -4.0000          0.0001
   -4.0000          0.0002
   -4.0000          0.0000
   -4.0000          0.0000
   -4.0000          0.0000
   -4.0000          0.0000
   -4.0000          0.0000
   -3.0000          0.0000
   -3.0000          0.0001
   -3.0000          0.0001
   -3.0000          0.0004
   -3.0000          0.0004
   -3.0000          0.0003
   -3.0000          0.0004
   -3.0000          0.0009
   -3.0000          0.0008
   -3.0000          0.0007
   -3.0000          0.0007
   -3.0000          0.0013
   -2.0000          0.0014
   -2.0000          0.0019
   -2.0000          0.0026
   -2.0000          0.0023
   -2.0000          0.0035
   -2.0000          0.0041
   -2.0000          0.0053
   -2.0000          0.0058
   -2.0000          0.0070
   -2.0000          0.0074
   -2.0000          0.0092
   -1.0000          0.0120
   -1.0000          0.0135
   -1.0000          0.0150
   -1.0000          0.0162
   -1.0000          0.0171
   -1.0000          0.0184
   -1.0000          0.0227
   -1.0000          0.0237
   -1.0000          0.0240
   -1.0000          0.0230
   -1.0000          0.0277
   -1.0000          0.0273
   -0.0000          0.0343
   -0.0000          0.0305
   -0.0000          0.0330
   -0.0000          0.0342
   -0.0000          0.0313
    0.0000          0.0335
    0.0000          0.0347
    0.0000          0.0359
    0.0000          0.0362
    0.0000          0.0335
    0.0000          0.0322
    1.0000          0.0301
    1.0000          0.0302
    1.0000          0.0260
    1.0000          0.0264
    1.0000          0.0260
    1.0000          0.0233
    1.0000          0.0195
    1.0000          0.0195
    1.0000          0.0166
    1.0000          0.0174
    1.0000          0.0129
    1.0000          0.0152
    2.0000          0.0097
    2.0000          0.0092
    2.0000          0.0084
    2.0000          0.0078
    2.0000          0.0062
    2.0000          0.0056
    2.0000          0.0043
    2.0000          0.0033
    2.0000          0.0030
    2.0000          0.0024
    2.0000          0.0027
    3.0000          0.0012
    3.0000          0.0018
    3.0000          0.0010
    3.0000          0.0004
    3.0000          0.0008
    3.0000          0.0004
    3.0000          0.0006
    3.0000          0.0003
    3.0000          0.0002
    3.0000          0.0001
    3.0000          0.0003
    4.0000          0.0000
    4.0000          0.0001
    4.0000          0.0000
    4.0000          0.0001
    4.0000          0.0001
    4.0000          0.0000
    4.0000          0.0000
    4.0000          0.0000
    4.0000          0.0000
    4.0000          0.0000
    4.0000          0.0000
    4.0000          0.0000
    5.0000          0.0001
